-------------------------------------------------------------------------------
Test set: com.example.csv.controllers.DossierControllerTest
-------------------------------------------------------------------------------
Tests run: 13, Failures: 0, Errors: 13, Skipped: 0, Time elapsed: 11.407 s <<< FAILURE! - in com.example.csv.controllers.DossierControllerTest
testUpdateDossier  Time elapsed: 0 s  <<< ERROR!
java.lang.IllegalStateException: Failed to load ApplicationContext
Caused by: org.springframework.beans.factory.BeanCreationException: Error creating bean with name 'initialization': Invocation of init method failed; nested exception is java.lang.NullPointerException: Cannot invoke "com.example.csv.domain.UserRole.getUser()" because the return value of "com.example.csv.repositories.UserRoleRepository.findUserRoleByRole(com.example.csv.domain.Role)" is null
Caused by: java.lang.NullPointerException: Cannot invoke "com.example.csv.domain.UserRole.getUser()" because the return value of "com.example.csv.repositories.UserRoleRepository.findUserRoleByRole(com.example.csv.domain.Role)" is null

getDossier_noContent  Time elapsed: 0 s  <<< ERROR!
java.lang.IllegalStateException: Failed to load ApplicationContext
Caused by: org.springframework.beans.factory.BeanCreationException: Error creating bean with name 'initialization': Invocation of init method failed; nested exception is java.lang.NullPointerException: Cannot invoke "com.example.csv.domain.UserRole.getUser()" because the return value of "com.example.csv.repositories.UserRoleRepository.findUserRoleByRole(com.example.csv.domain.Role)" is null
Caused by: java.lang.NullPointerException: Cannot invoke "com.example.csv.domain.UserRole.getUser()" because the return value of "com.example.csv.repositories.UserRoleRepository.findUserRoleByRole(com.example.csv.domain.Role)" is null

getDossier  Time elapsed: 0 s  <<< ERROR!
java.lang.IllegalStateException: Failed to load ApplicationContext
Caused by: org.springframework.beans.factory.BeanCreationException: Error creating bean with name 'initialization': Invocation of init method failed; nested exception is java.lang.NullPointerException: Cannot invoke "com.example.csv.domain.UserRole.getUser()" because the return value of "com.example.csv.repositories.UserRoleRepository.findUserRoleByRole(com.example.csv.domain.Role)" is null
Caused by: java.lang.NullPointerException: Cannot invoke "com.example.csv.domain.UserRole.getUser()" because the return value of "com.example.csv.repositories.UserRoleRepository.findUserRoleByRole(com.example.csv.domain.Role)" is null

deleteDossier_noContent  Time elapsed: 0 s  <<< ERROR!
java.lang.IllegalStateException: Failed to load ApplicationContext
Caused by: org.springframework.beans.factory.BeanCreationException: Error creating bean with name 'initialization': Invocation of init method failed; nested exception is java.lang.NullPointerException: Cannot invoke "com.example.csv.domain.UserRole.getUser()" because the return value of "com.example.csv.repositories.UserRoleRepository.findUserRoleByRole(com.example.csv.domain.Role)" is null
Caused by: java.lang.NullPointerException: Cannot invoke "com.example.csv.domain.UserRole.getUser()" because the return value of "com.example.csv.repositories.UserRoleRepository.findUserRoleByRole(com.example.csv.domain.Role)" is null

testUpdateDossierNotFound  Time elapsed: 0 s  <<< ERROR!
java.lang.IllegalStateException: Failed to load ApplicationContext
Caused by: org.springframework.beans.factory.BeanCreationException: Error creating bean with name 'initialization': Invocation of init method failed; nested exception is java.lang.NullPointerException: Cannot invoke "com.example.csv.domain.UserRole.getUser()" because the return value of "com.example.csv.repositories.UserRoleRepository.findUserRoleByRole(com.example.csv.domain.Role)" is null
Caused by: java.lang.NullPointerException: Cannot invoke "com.example.csv.domain.UserRole.getUser()" because the return value of "com.example.csv.repositories.UserRoleRepository.findUserRoleByRole(com.example.csv.domain.Role)" is null

testUploadFile  Time elapsed: 0 s  <<< ERROR!
java.lang.IllegalStateException: Failed to load ApplicationContext
Caused by: org.springframework.beans.factory.BeanCreationException: Error creating bean with name 'initialization': Invocation of init method failed; nested exception is java.lang.NullPointerException: Cannot invoke "com.example.csv.domain.UserRole.getUser()" because the return value of "com.example.csv.repositories.UserRoleRepository.findUserRoleByRole(com.example.csv.domain.Role)" is null
Caused by: java.lang.NullPointerException: Cannot invoke "com.example.csv.domain.UserRole.getUser()" because the return value of "com.example.csv.repositories.UserRoleRepository.findUserRoleByRole(com.example.csv.domain.Role)" is null

testUploadFileNotCSV  Time elapsed: 0.001 s  <<< ERROR!
java.lang.IllegalStateException: Failed to load ApplicationContext
Caused by: org.springframework.beans.factory.BeanCreationException: Error creating bean with name 'initialization': Invocation of init method failed; nested exception is java.lang.NullPointerException: Cannot invoke "com.example.csv.domain.UserRole.getUser()" because the return value of "com.example.csv.repositories.UserRoleRepository.findUserRoleByRole(com.example.csv.domain.Role)" is null
Caused by: java.lang.NullPointerException: Cannot invoke "com.example.csv.domain.UserRole.getUser()" because the return value of "com.example.csv.repositories.UserRoleRepository.findUserRoleByRole(com.example.csv.domain.Role)" is null

getDossierWithSorting  Time elapsed: 0 s  <<< ERROR!
java.lang.IllegalStateException: Failed to load ApplicationContext
Caused by: org.springframework.beans.factory.BeanCreationException: Error creating bean with name 'initialization': Invocation of init method failed; nested exception is java.lang.NullPointerException: Cannot invoke "com.example.csv.domain.UserRole.getUser()" because the return value of "com.example.csv.repositories.UserRoleRepository.findUserRoleByRole(com.example.csv.domain.Role)" is null
Caused by: java.lang.NullPointerException: Cannot invoke "com.example.csv.domain.UserRole.getUser()" because the return value of "com.example.csv.repositories.UserRoleRepository.findUserRoleByRole(com.example.csv.domain.Role)" is null

testDeleteDossier  Time elapsed: 0 s  <<< ERROR!
java.lang.IllegalStateException: Failed to load ApplicationContext
Caused by: org.springframework.beans.factory.BeanCreationException: Error creating bean with name 'initialization': Invocation of init method failed; nested exception is java.lang.NullPointerException: Cannot invoke "com.example.csv.domain.UserRole.getUser()" because the return value of "com.example.csv.repositories.UserRoleRepository.findUserRoleByRole(com.example.csv.domain.Role)" is null
Caused by: java.lang.NullPointerException: Cannot invoke "com.example.csv.domain.UserRole.getUser()" because the return value of "com.example.csv.repositories.UserRoleRepository.findUserRoleByRole(com.example.csv.domain.Role)" is null

uploadFileFailed  Time elapsed: 0.001 s  <<< ERROR!
java.lang.IllegalStateException: Failed to load ApplicationContext
Caused by: org.springframework.beans.factory.BeanCreationException: Error creating bean with name 'initialization': Invocation of init method failed; nested exception is java.lang.NullPointerException: Cannot invoke "com.example.csv.domain.UserRole.getUser()" because the return value of "com.example.csv.repositories.UserRoleRepository.findUserRoleByRole(com.example.csv.domain.Role)" is null
Caused by: java.lang.NullPointerException: Cannot invoke "com.example.csv.domain.UserRole.getUser()" because the return value of "com.example.csv.repositories.UserRoleRepository.findUserRoleByRole(com.example.csv.domain.Role)" is null

save  Time elapsed: 0 s  <<< ERROR!
java.lang.IllegalStateException: Failed to load ApplicationContext
Caused by: org.springframework.beans.factory.BeanCreationException: Error creating bean with name 'initialization': Invocation of init method failed; nested exception is java.lang.NullPointerException: Cannot invoke "com.example.csv.domain.UserRole.getUser()" because the return value of "com.example.csv.repositories.UserRoleRepository.findUserRoleByRole(com.example.csv.domain.Role)" is null
Caused by: java.lang.NullPointerException: Cannot invoke "com.example.csv.domain.UserRole.getUser()" because the return value of "com.example.csv.repositories.UserRoleRepository.findUserRoleByRole(com.example.csv.domain.Role)" is null

getAllDossiers  Time elapsed: 0 s  <<< ERROR!
java.lang.IllegalStateException: Failed to load ApplicationContext
Caused by: org.springframework.beans.factory.BeanCreationException: Error creating bean with name 'initialization': Invocation of init method failed; nested exception is java.lang.NullPointerException: Cannot invoke "com.example.csv.domain.UserRole.getUser()" because the return value of "com.example.csv.repositories.UserRoleRepository.findUserRoleByRole(com.example.csv.domain.Role)" is null
Caused by: java.lang.NullPointerException: Cannot invoke "com.example.csv.domain.UserRole.getUser()" because the return value of "com.example.csv.repositories.UserRoleRepository.findUserRoleByRole(com.example.csv.domain.Role)" is null

getContractsCount  Time elapsed: 0 s  <<< ERROR!
java.lang.IllegalStateException: Failed to load ApplicationContext
Caused by: org.springframework.beans.factory.BeanCreationException: Error creating bean with name 'initialization': Invocation of init method failed; nested exception is java.lang.NullPointerException: Cannot invoke "com.example.csv.domain.UserRole.getUser()" because the return value of "com.example.csv.repositories.UserRoleRepository.findUserRoleByRole(com.example.csv.domain.Role)" is null
Caused by: java.lang.NullPointerException: Cannot invoke "com.example.csv.domain.UserRole.getUser()" because the return value of "com.example.csv.repositories.UserRoleRepository.findUserRoleByRole(com.example.csv.domain.Role)" is null

